0 info it worked if it ends with ok
1 verbose cli [ '/usr/local/bin/node', '/usr/local/bin/npm', 'publish' ]
2 info using npm@3.10.9
3 info using node@v7.2.0
4 verbose publish [ '.' ]
5 silly cache add args [ '.', null ]
6 verbose cache add spec .
7 silly cache add parsed spec Result {
7 silly cache add   raw: '.',
7 silly cache add   scope: null,
7 silly cache add   escapedName: null,
7 silly cache add   name: null,
7 silly cache add   rawSpec: '.',
7 silly cache add   spec: '/Users/zenking/demo/dewangda/zenking',
7 silly cache add   type: 'directory' }
8 verbose addLocalDirectory /Users/zenking/.npm/zenking/1.0.0/package.tgz not in flight; packing
9 verbose correctMkdir /Users/zenking/.npm correctMkdir not in flight; initializing
10 info lifecycle zenking@1.0.0~prepublish: zenking@1.0.0
11 silly lifecycle zenking@1.0.0~prepublish: no script for prepublish, continuing
12 verbose tar pack [ '/Users/zenking/.npm/zenking/1.0.0/package.tgz',
12 verbose tar pack   '/Users/zenking/demo/dewangda/zenking' ]
13 verbose tarball /Users/zenking/.npm/zenking/1.0.0/package.tgz
14 verbose folder /Users/zenking/demo/dewangda/zenking
15 verbose addLocalTarball adding from inside cache /Users/zenking/.npm/zenking/1.0.0/package.tgz
16 verbose correctMkdir /Users/zenking/.npm correctMkdir not in flight; initializing
17 silly cache afterAdd zenking@1.0.0
18 verbose afterAdd /Users/zenking/.npm/zenking/1.0.0/package/package.json not in flight; writing
19 verbose correctMkdir /Users/zenking/.npm correctMkdir not in flight; initializing
20 verbose afterAdd /Users/zenking/.npm/zenking/1.0.0/package/package.json written
21 silly publish { name: 'zenking',
21 silly publish   version: '1.0.0',
21 silly publish   description: '',
21 silly publish   main: 'index.js',
21 silly publish   bin: { zenking: './bin/zenking' },
21 silly publish   directories: { doc: 'doc' },
21 silly publish   dependencies: { argv: '^0.0.2' },
21 silly publish   devDependencies: {},
21 silly publish   scripts: { test: 'echo "Error: no test specified" && exit 1' },
21 silly publish   repository:
21 silly publish    { type: 'git',
21 silly publish      url: 'git+https://github.com/zenking/zenking.git' },
21 silly publish   keywords: [ 'zenking' ],
21 silly publish   author: { name: 'zenking' },
21 silly publish   license: 'MIT',
21 silly publish   bugs: { url: 'https://github.com/zenking/zenking/issues' },
21 silly publish   homepage: 'https://github.com/zenking/zenking#readme',
21 silly publish   readme: 'ERROR: No README data found!',
21 silly publish   readmeFilename: 'README.md',
21 silly publish   gitHead: '85c34b87efb0a94a9046ff129366b7271fd34d1a',
21 silly publish   _id: 'zenking@1.0.0',
21 silly publish   _shasum: 'c3de8b1b0e94833742d9011f6ad9b4605689c3b3',
21 silly publish   _from: '.' }
22 verbose getPublishConfig undefined
23 silly mapToRegistry name zenking
24 silly mapToRegistry using default registry
25 silly mapToRegistry registry https://registry.npmjs.org/
26 silly mapToRegistry data Result {
26 silly mapToRegistry   raw: 'zenking',
26 silly mapToRegistry   scope: null,
26 silly mapToRegistry   escapedName: 'zenking',
26 silly mapToRegistry   name: 'zenking',
26 silly mapToRegistry   rawSpec: '',
26 silly mapToRegistry   spec: 'latest',
26 silly mapToRegistry   type: 'tag' }
27 silly mapToRegistry uri https://registry.npmjs.org/zenking
28 verbose publish registryBase https://registry.npmjs.org/
29 silly publish uploading /Users/zenking/.npm/zenking/1.0.0/package.tgz
30 verbose request uri https://registry.npmjs.org/zenking
31 verbose request sending authorization for write operation
32 info attempt registry request try #1 at 18:23:56
33 verbose request using bearer token for auth
34 verbose request id 0b2cb6450ccd5fdd
35 http request PUT https://registry.npmjs.org/zenking
36 http 403 https://registry.npmjs.org/zenking
37 verbose headers { 'content-type': 'application/json',
37 verbose headers   'cache-control': 'max-age=300',
37 verbose headers   'content-length': '95',
37 verbose headers   'accept-ranges': 'bytes',
37 verbose headers   date: 'Fri, 03 Feb 2017 10:23:58 GMT',
37 verbose headers   via: '1.1 varnish',
37 verbose headers   connection: 'keep-alive',
37 verbose headers   'x-served-by': 'cache-lax8634-LAX',
37 verbose headers   'x-cache': 'MISS',
37 verbose headers   'x-cache-hits': '0',
37 verbose headers   'x-timer': 'S1486117438.077725,VS0,VE186',
37 verbose headers   vary: 'Accept-Encoding' }
38 verbose request invalidating /Users/zenking/.npm/registry.npmjs.org/zenking on PUT
39 error publish Failed PUT 403
40 verbose stack Error: "You cannot publish over the previously published version 1.0.0." : zenking
40 verbose stack     at makeError (/usr/local/lib/node_modules/npm/node_modules/npm-registry-client/lib/request.js:302:12)
40 verbose stack     at CachingRegistryClient.<anonymous> (/usr/local/lib/node_modules/npm/node_modules/npm-registry-client/lib/request.js:290:14)
40 verbose stack     at Request._callback (/usr/local/lib/node_modules/npm/node_modules/npm-registry-client/lib/request.js:210:14)
40 verbose stack     at Request.self.callback (/usr/local/lib/node_modules/npm/node_modules/request/request.js:187:22)
40 verbose stack     at emitTwo (events.js:106:13)
40 verbose stack     at Request.emit (events.js:191:7)
40 verbose stack     at Request.<anonymous> (/usr/local/lib/node_modules/npm/node_modules/request/request.js:1048:10)
40 verbose stack     at emitOne (events.js:96:13)
40 verbose stack     at Request.emit (events.js:188:7)
40 verbose stack     at IncomingMessage.<anonymous> (/usr/local/lib/node_modules/npm/node_modules/request/request.js:969:12)
41 verbose statusCode 403
42 verbose pkgid zenking
43 verbose cwd /Users/zenking/demo/dewangda/zenking
44 error Darwin 16.1.0
45 error argv "/usr/local/bin/node" "/usr/local/bin/npm" "publish"
46 error node v7.2.0
47 error npm  v3.10.9
48 error code E403
49 error "You cannot publish over the previously published version 1.0.0." : zenking
50 error If you need help, you may report this error at:
50 error     <https://github.com/npm/npm/issues>
51 verbose exit [ 1, true ]
